# JRE version: OpenJDK Runtime Environment (8.0_242) (build 1.8.0_242-release-1644-b3-6222593)
# Java VM: OpenJDK 64-Bit Server VM (25.242-b3-6222593 mixed mode linux-amd64 compressed oops)
Heap:
 PSYoungGen      total 304128K, used 37366K [0x00000000d5580000, 0x00000000ea300000, 0x0000000100000000)
  eden space 266752K, 0% used [0x00000000d5580000,0x00000000d5580000,0x00000000e5a00000)
  from space 37376K, 99% used [0x00000000e5a00000,0x00000000e7e7d908,0x00000000e7e80000)
  to   space 31232K, 0% used [0x00000000e8080000,0x00000000e8080000,0x00000000e9f00000)
 ParOldGen       total 209920K, used 63158K [0x0000000080000000, 0x000000008cd00000, 0x00000000d5580000)
  object space 209920K, 30% used [0x0000000080000000,0x0000000083dadab0,0x000000008cd00000)
 Metaspace       used 80416K, capacity 83970K, committed 84248K, reserved 1122304K
  class space    used 10623K, capacity 11274K, committed 11296K, reserved 1048576K
GC Heap History (10 events):
Event: 13.837 GC heap after
Heap after GC invocations=11 (full 2):
 PSYoungGen      total 214016K, used 20225K [0x00000000d5580000, 0x00000000e6d00000, 0x0000000100000000)
  eden space 192512K, 0% used [0x00000000d5580000,0x00000000d5580000,0x00000000e1180000)
  from space 21504K, 94% used [0x00000000e1180000,0x00000000e2540788,0x00000000e2680000)
  to   space 24064K, 0% used [0x00000000e5580000,0x00000000e5580000,0x00000000e6d00000)
 ParOldGen       total 136704K, used 27358K [0x0000000080000000, 0x0000000088580000, 0x00000000d5580000)
  object space 136704K, 20% used [0x0000000080000000,0x0000000081ab7aa0,0x0000000088580000)
 Metaspace       used 56909K, capacity 59048K, committed 59160K, reserved 1099776K
  class space    used 7709K, capacity 8145K, committed 8224K, reserved 1048576K
}
Event: 13.837 GC heap before
{Heap before GC invocations=12 (full 3):
 PSYoungGen      total 214016K, used 20225K [0x00000000d5580000, 0x00000000e6d00000, 0x0000000100000000)
  eden space 192512K, 0% used [0x00000000d5580000,0x00000000d5580000,0x00000000e1180000)
  from space 21504K, 94% used [0x00000000e1180000,0x00000000e2540788,0x00000000e2680000)
  to   space 24064K, 0% used [0x00000000e5580000,0x00000000e5580000,0x00000000e6d00000)
 ParOldGen       total 136704K, used 27358K [0x0000000080000000, 0x0000000088580000, 0x00000000d5580000)
  object space 136704K, 20% used [0x0000000080000000,0x0000000081ab7aa0,0x0000000088580000)
 Metaspace       used 56909K, capacity 59048K, committed 59160K, reserved 1099776K
  class space    used 7709K, capacity 8145K, committed 8224K, reserved 1048576K
Event: 14.068 GC heap after
Heap after GC invocations=12 (full 3):
 PSYoungGen      total 214016K, used 0K [0x00000000d5580000, 0x00000000e6d00000, 0x0000000100000000)
  eden space 192512K, 0% used [0x00000000d5580000,0x00000000d5580000,0x00000000e1180000)
  from space 21504K, 0% used [0x00000000e1180000,0x00000000e1180000,0x00000000e2680000)
  to   space 24064K, 0% used [0x00000000e5580000,0x00000000e5580000,0x00000000e6d00000)
 ParOldGen       total 209920K, used 43017K [0x0000000080000000, 0x000000008cd00000, 0x00000000d5580000)
  object space 209920K, 20% used [0x0000000080000000,0x0000000082a02430,0x000000008cd00000)
 Metaspace       used 56907K, capacity 59042K, committed 59160K, reserved 1099776K
  class space    used 7708K, capacity 8144K, committed 8224K, reserved 1048576K
}
Event: 19.651 GC heap before
{Heap before GC invocations=13 (full 3):
 PSYoungGen      total 214016K, used 192512K [0x00000000d5580000, 0x00000000e6d00000, 0x0000000100000000)
  eden space 192512K, 100% used [0x00000000d5580000,0x00000000e1180000,0x00000000e1180000)
  from space 21504K, 0% used [0x00000000e1180000,0x00000000e1180000,0x00000000e2680000)
  to   space 24064K, 0% used [0x00000000e5580000,0x00000000e5580000,0x00000000e6d00000)
 ParOldGen       total 209920K, used 43017K [0x0000000080000000, 0x000000008cd00000, 0x00000000d5580000)
  object space 209920K, 20% used [0x0000000080000000,0x0000000082a02430,0x000000008cd00000)
 Metaspace       used 66025K, capacity 68968K, committed 69016K, reserved 1107968K
  class space    used 9006K, capacity 9609K, committed 9632K, reserved 1048576K
Event: 19.675 GC heap after
Heap after GC invocations=13 (full 3):
 PSYoungGen      total 249856K, used 18738K [0x00000000d5580000, 0x00000000e6800000, 0x0000000100000000)
  eden space 230912K, 0% used [0x00000000d5580000,0x00000000d5580000,0x00000000e3700000)
  from space 18944K, 98% used [0x00000000e5580000,0x00000000e67ccb78,0x00000000e6800000)
  to   space 25088K, 0% used [0x00000000e3700000,0x00000000e3700000,0x00000000e4f80000)
 ParOldGen       total 209920K, used 43025K [0x0000000080000000, 0x000000008cd00000, 0x00000000d5580000)
  object space 209920K, 20% used [0x0000000080000000,0x0000000082a04430,0x000000008cd00000)
 Metaspace       used 66025K, capacity 68968K, committed 69016K, reserved 1107968K
  class space    used 9006K, capacity 9609K, committed 9632K, reserved 1048576K
}
Event: 23.529 GC heap before
{Heap before GC invocations=14 (full 3):
 PSYoungGen      total 249856K, used 249650K [0x00000000d5580000, 0x00000000e6800000, 0x0000000100000000)
  eden space 230912K, 100% used [0x00000000d5580000,0x00000000e3700000,0x00000000e3700000)
  from space 18944K, 98% used [0x00000000e5580000,0x00000000e67ccb78,0x00000000e6800000)
  to   space 25088K, 0% used [0x00000000e3700000,0x00000000e3700000,0x00000000e4f80000)
 ParOldGen       total 209920K, used 43025K [0x0000000080000000, 0x000000008cd00000, 0x00000000d5580000)
  object space 209920K, 20% used [0x0000000080000000,0x0000000082a04430,0x000000008cd00000)
 Metaspace       used 72048K, capacity 75174K, committed 75416K, reserved 1114112K
  class space    used 9773K, capacity 10384K, committed 10400K, reserved 1048576K
Event: 23.568 GC heap after
Heap after GC invocations=14 (full 3):
 PSYoungGen      total 256000K, used 25072K [0x00000000d5580000, 0x00000000e9f00000, 0x0000000100000000)
  eden space 230912K, 0% used [0x00000000d5580000,0x00000000d5580000,0x00000000e3700000)
  from space 25088K, 99% used [0x00000000e3700000,0x00000000e4f7c0a8,0x00000000e4f80000)
  to   space 31232K, 0% used [0x00000000e8080000,0x00000000e8080000,0x00000000e9f00000)
 ParOldGen       total 209920K, used 51331K [0x0000000080000000, 0x000000008cd00000, 0x00000000d5580000)
  object space 209920K, 24% used [0x0000000080000000,0x0000000083220c10,0x000000008cd00000)
 Metaspace       used 72048K, capacity 75174K, committed 75416K, reserved 1114112K
  class space    used 9773K, capacity 10384K, committed 10400K, reserved 1048576K
}
Event: 167.309 GC heap before
{Heap before GC invocations=15 (full 3):
 PSYoungGen      total 256000K, used 255984K [0x00000000d5580000, 0x00000000e9f00000, 0x0000000100000000)
  eden space 230912K, 100% used [0x00000000d5580000,0x00000000e3700000,0x00000000e3700000)
  from space 25088K, 99% used [0x00000000e3700000,0x00000000e4f7c0a8,0x00000000e4f80000)
  to   space 31232K, 0% used [0x00000000e8080000,0x00000000e8080000,0x00000000e9f00000)
 ParOldGen       total 209920K, used 51331K [0x0000000080000000, 0x000000008cd00000, 0x00000000d5580000)
  object space 209920K, 24% used [0x0000000080000000,0x0000000083220c10,0x000000008cd00000)
 Metaspace       used 76454K, capacity 79792K, committed 79896K, reserved 1118208K
  class space    used 10132K, capacity 10735K, committed 10784K, reserved 1048576K
Event: 167.372 GC heap after
Heap after GC invocations=15 (full 3):
 PSYoungGen      total 297984K, used 31225K [0x00000000d5580000, 0x00000000ea300000, 0x0000000100000000)
  eden space 266752K, 0% used [0x00000000d5580000,0x00000000d5580000,0x00000000e5a00000)
  from space 31232K, 99% used [0x00000000e8080000,0x00000000e9efe520,0x00000000e9f00000)
  to   space 37376K, 0% used [0x00000000e5a00000,0x00000000e5a00000,0x00000000e7e80000)
 ParOldGen       total 209920K, used 55502K [0x0000000080000000, 0x000000008cd00000, 0x00000000d5580000)
  object space 209920K, 26% used [0x0000000080000000,0x00000000836338d8,0x000000008cd00000)
 Metaspace       used 76454K, capacity 79792K, committed 79896K, reserved 1118208K
  class space    used 10132K, capacity 10735K, committed 10784K, reserved 1048576K
}
Event: 250.365 GC heap before
{Heap before GC invocations=16 (full 3):
 PSYoungGen      total 297984K, used 297977K [0x00000000d5580000, 0x00000000ea300000, 0x0000000100000000)
  eden space 266752K, 100% used [0x00000000d5580000,0x00000000e5a00000,0x00000000e5a00000)
  from space 31232K, 99% used [0x00000000e8080000,0x00000000e9efe520,0x00000000e9f00000)
  to   space 37376K, 0% used [0x00000000e5a00000,0x00000000e5a00000,0x00000000e7e80000)
 ParOldGen       total 209920K, used 55502K [0x0000000080000000, 0x000000008cd00000, 0x00000000d5580000)
  object space 209920K, 26% used [0x0000000080000000,0x00000000836338d8,0x000000008cd00000)
 Metaspace       used 80416K, capacity 83970K, committed 84248K, reserved 1122304K
  class space    used 10623K, capacity 11274K, committed 11296K, reserved 1048576K

